<html>
<head>
<title>TestNG:  Test1</title>
<link href="../testng.css" rel="stylesheet" type="text/css" />
<link href="../my-testng.css" rel="stylesheet" type="text/css" />

<style type="text/css">
.log { display: none;} 
.stack-trace { display: none;} 
</style>
<script type="text/javascript">
<!--
function flip(e) {
  current = e.style.display;
  if (current == 'block') {
    e.style.display = 'none';
    return 0;
  }
  else {
    e.style.display = 'block';
    return 1;
  }
}

function toggleBox(szDivId, elem, msg1, msg2)
{
  var res = -1;  if (document.getElementById) {
    res = flip(document.getElementById(szDivId));
  }
  else if (document.all) {
    // this is the way old msie versions work
    res = flip(document.all[szDivId]);
  }
  if(elem) {
    if(res == 0) elem.innerHTML = msg1; else elem.innerHTML = msg2;
  }

}

function toggleAllBoxes() {
  if (document.getElementsByTagName) {
    d = document.getElementsByTagName('div');
    for (i = 0; i < d.length; i++) {
      if (d[i].className == 'log') {
        flip(d[i]);
      }
    }
  }
}

// -->
</script>

</head>
<body>
<h2 align='center'>Test1</h2><table border='1' align="center">
<tr>
<td>Tests passed/Failed/Skipped:</td><td>0/0/1</td>
</tr><tr>
<td>Started on:</td><td>Tue Aug 04 15:41:23 CDT 2015</td>
</tr>
<tr><td>Total time:</td><td>60 seconds (60361 ms)</td>
</tr><tr>
<td>Included groups:</td><td></td>
</tr><tr>
<td>Excluded groups:</td><td></td>
</tr>
</table><p/>
<small><i>(Hover the method name to see the test class name)</i></small><p/>
<table width='100%' border='1' class='invocation-failed'>
<tr><td colspan='4' align='center'><b>FAILED CONFIGURATIONS</b></td></tr>
<tr><td><b>Test method</b></td>
<td width="30%"><b>Exception</b></td>
<td width="10%"><b>Time (seconds)</b></td>
<td><b>Instance</b></td>
</tr>
<tr>
<td title='google.GoogleSearch.setup()'><b>setup</b><br>Test class: google.GoogleSearch<br>Parameters: FFX</td>
<td><div><pre>org.openqa.selenium.WebDriverException: Failed to connect to binary FirefoxBinary(C:\Program Files (x86)\Mozilla Firefox\firefox.exe) on port 7056; process output follows: 
rporation&quot;,&quot;creator&quot;:&quot;Symantec Corporation&quot;,&quot;homepageURL&quot;:&quot;http://www.symantec.com&quot;},&quot;visible&quot;:true,&quot;active&quot;:false,&quot;userDisabled&quot;:true,&quot;appDisabled&quot;:false,&quot;descriptor&quot;:&quot;C:\\ProgramData\\Norton\\{0C55C096-0F1D-4F28-AAA2-85EF591126E7}\\NAV_22.5.0.124\\coFFPlgn&quot;,&quot;installDate&quot;:1438720504117,&quot;updateDate&quot;:1438720504117,&quot;applyBackgroundUpdates&quot;:1,&quot;bootstrap&quot;:false,&quot;size&quot;:2197734,&quot;sourceURI&quot;:null,&quot;releaseNotesURI&quot;:null,&quot;softDisabled&quot;:false,&quot;foreignInstall&quot;:true,&quot;hasBinaryComponents&quot;:true,&quot;strictCompatibility&quot;:false,&quot;locales&quot;:[],&quot;targetApplications&quot;:[{&quot;id&quot;:&quot;{ec8030f7-c20a-464f-9b0e-13a3a9e97384}&quot;,&quot;minVersion&quot;:&quot;37.0&quot;,&quot;maxVersion&quot;:&quot;39.*&quot;}],&quot;targetPlatforms&quot;:[],&quot;multiprocessCompatible&quot;:false}
1438720906426	addons.xpi	DEBUG	New add-on {9F17B1A2-7317-49ef-BCB7-7BB47BDE10F8} installed in winreg-app-global
1438720906471	addons.xpi	WARN	Disabling foreign installed add-on {9F17B1A2-7317-49ef-BCB7-7BB47BDE10F8} in winreg-app-global
1438720906472	DeferredSave.extensions.json	DEBUG	Save changes
1438720906473	addons.xpi	DEBUG	Updating database with changes to installed add-ons
1438720906473	addons.xpi-utils	DEBUG	Updating add-on states
1438720906476	addons.xpi-utils	DEBUG	Writing add-ons list
1438720906487	addons.xpi	DEBUG	Registering manifest for C:\Program Files (x86)\Mozilla Firefox\browser\extensions\{82AF8DCA-6DE9-405D-BD5E-43525BDAD38A}.xpi
1438720906488	addons.xpi	DEBUG	Calling bootstrap method startup on {82AF8DCA-6DE9-405D-BD5E-43525BDAD38A} version 7.4.0.9058
1438720906605	addons.manager	DEBUG	Registering shutdown blocker for XPIProvider
1438720906606	addons.manager	DEBUG	Provider finished startup: XPIProvider
1438720906606	addons.manager	DEBUG	Starting provider: LightweightThemeManager
1438720906606	addons.manager	DEBUG	Registering shutdown blocker for LightweightThemeManager
1438720906607	addons.manager	DEBUG	Provider finished startup: LightweightThemeManager
1438720906607	addons.manager	DEBUG	Starting provider: GMPProvider
1438720906618	addons.manager	DEBUG	Registering shutdown blocker for GMPProvider
1438720906619	addons.manager	DEBUG	Provider finished startup: GMPProvider
1438720906619	addons.manager	DEBUG	Starting provider: PluginProvider
1438720906619	addons.manager	DEBUG	Registering shutdown blocker for PluginProvider
1438720906620	addons.manager	DEBUG	Provider finished startup: PluginProvider
1438720906620	addons.manager	DEBUG	Completed startup sequence
1438720908552	addons.manager	DEBUG	Starting provider: &lt;unnamed-provider&gt;
1438720908553	addons.manager	DEBUG	Registering shutdown blocker for &lt;unnamed-provider&gt;
1438720908554	addons.manager	DEBUG	Provider finished startup: &lt;unnamed-provider&gt;
1438720910411	DeferredSave.extensions.json	DEBUG	Starting timer
1438720910547	DeferredSave.extensions.json	DEBUG	Starting write
1438720910997	addons.manager	DEBUG	shutdown
1438720910999	addons.manager	DEBUG	Calling shutdown blocker for XPIProvider
1438720910999	addons.xpi	DEBUG	shutdown
1438720911000	addons.xpi-utils	DEBUG	shutdown
1438720911002	addons.manager	DEBUG	Calling shutdown blocker for LightweightThemeManager
1438720911003	addons.manager	DEBUG	Calling shutdown blocker for GMPProvider
1438720911007	addons.manager	DEBUG	Calling shutdown blocker for PluginProvider
1438720911008	addons.manager	DEBUG	Calling shutdown blocker for &lt;unnamed-provider&gt;
1438720911814	DeferredSave.extensions.json	DEBUG	Write succeeded
1438720911814	addons.xpi-utils	DEBUG	XPI Database saved, setting schema version preference to 16
1438720911815	addons.xpi	DEBUG	Notifying XPI shutdown observers
1438720911822	addons.manager	DEBUG	Async provider shutdown done
JavaScript error: resource://gre/modules/BookmarkHTMLUtils.jsm, line 883: NS_ERROR_UNEXPECTED: Component returned failure code: 0x8000ffff (NS_ERROR_UNEXPECTED) [nsINavBookmarksService.removeFolderChildren]
JavaScript error: jar:file:///C:/Program%20Files%20(x86)/Mozilla%20Firefox/browser/omni.ja!/components/nsBrowserGlue.js, line 1984: NS_ERROR_UNEXPECTED: Component returned failure code: 0x8000ffff (NS_ERROR_UNEXPECTED) [nsIAnnotationService.getItemsWithAnnotation]

Build info: version: &apos;2.45.0&apos;, revision: &apos;5017cb8e7ca8e37638dc3091b2440b90a1d8686f&apos;, time: &apos;2015-02-27 09:10:26&apos;
System info: host: &apos;Htan&apos;, ip: &apos;192.168.70.1&apos;, os.name: &apos;Windows 8.1&apos;, os.arch: &apos;amd64&apos;, os.version: &apos;6.3&apos;, java.version: &apos;1.8.0_45&apos;
Driver info: driver.version: FirefoxDriver
	at org.openqa.selenium.firefox.internal.NewProfileExtensionConnection.start(NewProfileExtensionConnection.java:134)
	at org.openqa.selenium.firefox.FirefoxDriver.startClient(FirefoxDriver.java:246)
	at org.openqa.selenium.remote.RemoteWebDriver.&lt;init&gt;(RemoteWebDriver.java:114)
	at org.openqa.selenium.firefox.FirefoxDriver.&lt;init&gt;(FirefoxDriver.java:191)
	at org.openqa.selenium.firefox.FirefoxDriver.&lt;init&gt;(FirefoxDriver.java:186)
	at org.openqa.selenium.firefox.FirefoxDriver.&lt;init&gt;(FirefoxDriver.java:182)
	at org.openqa.selenium.firefox.FirefoxDriver.&lt;init&gt;(FirefoxDriver.java:95)
	at google.GoogleSearch.setup(GoogleSearch.java:21)
	at java.util.concurrent.ThreadPoolExecutor.runWorker(Unknown Source)
	at java.util.concurrent.ThreadPoolExecutor$Worker.run(Unknown Source)
	at java.lang.Thread.run(Unknown Source)
Caused by: org.openqa.selenium.WebDriverException: java.lang.InterruptedException: Process timed out after waiting for 45000 ms.
Build info: version: &apos;2.45.0&apos;, revision: &apos;5017cb8e7ca8e37638dc3091b2440b90a1d8686f&apos;, time: &apos;2015-02-27 09:10:26&apos;
System info: host: &apos;Htan&apos;, ip: &apos;192.168.70.1&apos;, os.name: &apos;Windows 8.1&apos;, os.arch: &apos;amd64&apos;, os.version: &apos;6.3&apos;, java.version: &apos;1.8.0_45&apos;
Driver info: driver.version: FirefoxDriver
	at org.openqa.selenium.os.CommandLine.waitFor(CommandLine.java:131)
	at org.openqa.selenium.firefox.FirefoxBinary.waitFor(FirefoxBinary.java:222)
	at org.openqa.selenium.firefox.FirefoxBinary.clean(FirefoxBinary.java:242)
	at org.openqa.selenium.firefox.internal.NewProfileExtensionConnection.start(NewProfileExtensionConnection.java:91)
	... 27 more
Caused by: java.lang.InterruptedException: Process timed out after waiting for 45000 ms.
	at org.openqa.selenium.os.UnixProcess.waitFor(UnixProcess.java:148)
	at org.openqa.selenium.os.CommandLine.waitFor(CommandLine.java:129)
	... 30 more
... Removed 17 stack frames</pre></div><a href='#' onClick='toggleBox("stack-trace764785322", this, "Click to show all stack frames", "Click to hide stack frames")'>Click to show all stack frames</a>
<div class='stack-trace' id='stack-trace764785322'><pre>org.openqa.selenium.WebDriverException: Failed to connect to binary FirefoxBinary(C:\Program Files (x86)\Mozilla Firefox\firefox.exe) on port 7056; process output follows: 
rporation","creator":"Symantec Corporation","homepageURL":"http://www.symantec.com"},"visible":true,"active":false,"userDisabled":true,"appDisabled":false,"descriptor":"C:\\ProgramData\\Norton\\{0C55C096-0F1D-4F28-AAA2-85EF591126E7}\\NAV_22.5.0.124\\coFFPlgn","installDate":1438720504117,"updateDate":1438720504117,"applyBackgroundUpdates":1,"bootstrap":false,"size":2197734,"sourceURI":null,"releaseNotesURI":null,"softDisabled":false,"foreignInstall":true,"hasBinaryComponents":true,"strictCompatibility":false,"locales":[],"targetApplications":[{"id":"{ec8030f7-c20a-464f-9b0e-13a3a9e97384}","minVersion":"37.0","maxVersion":"39.*"}],"targetPlatforms":[],"multiprocessCompatible":false}
1438720906426	addons.xpi	DEBUG	New add-on {9F17B1A2-7317-49ef-BCB7-7BB47BDE10F8} installed in winreg-app-global
1438720906471	addons.xpi	WARN	Disabling foreign installed add-on {9F17B1A2-7317-49ef-BCB7-7BB47BDE10F8} in winreg-app-global
1438720906472	DeferredSave.extensions.json	DEBUG	Save changes
1438720906473	addons.xpi	DEBUG	Updating database with changes to installed add-ons
1438720906473	addons.xpi-utils	DEBUG	Updating add-on states
1438720906476	addons.xpi-utils	DEBUG	Writing add-ons list
1438720906487	addons.xpi	DEBUG	Registering manifest for C:\Program Files (x86)\Mozilla Firefox\browser\extensions\{82AF8DCA-6DE9-405D-BD5E-43525BDAD38A}.xpi
1438720906488	addons.xpi	DEBUG	Calling bootstrap method startup on {82AF8DCA-6DE9-405D-BD5E-43525BDAD38A} version 7.4.0.9058
1438720906605	addons.manager	DEBUG	Registering shutdown blocker for XPIProvider
1438720906606	addons.manager	DEBUG	Provider finished startup: XPIProvider
1438720906606	addons.manager	DEBUG	Starting provider: LightweightThemeManager
1438720906606	addons.manager	DEBUG	Registering shutdown blocker for LightweightThemeManager
1438720906607	addons.manager	DEBUG	Provider finished startup: LightweightThemeManager
1438720906607	addons.manager	DEBUG	Starting provider: GMPProvider
1438720906618	addons.manager	DEBUG	Registering shutdown blocker for GMPProvider
1438720906619	addons.manager	DEBUG	Provider finished startup: GMPProvider
1438720906619	addons.manager	DEBUG	Starting provider: PluginProvider
1438720906619	addons.manager	DEBUG	Registering shutdown blocker for PluginProvider
1438720906620	addons.manager	DEBUG	Provider finished startup: PluginProvider
1438720906620	addons.manager	DEBUG	Completed startup sequence
1438720908552	addons.manager	DEBUG	Starting provider: &lt;unnamed-provider&gt;
1438720908553	addons.manager	DEBUG	Registering shutdown blocker for &lt;unnamed-provider&gt;
1438720908554	addons.manager	DEBUG	Provider finished startup: &lt;unnamed-provider&gt;
1438720910411	DeferredSave.extensions.json	DEBUG	Starting timer
1438720910547	DeferredSave.extensions.json	DEBUG	Starting write
1438720910997	addons.manager	DEBUG	shutdown
1438720910999	addons.manager	DEBUG	Calling shutdown blocker for XPIProvider
1438720910999	addons.xpi	DEBUG	shutdown
1438720911000	addons.xpi-utils	DEBUG	shutdown
1438720911002	addons.manager	DEBUG	Calling shutdown blocker for LightweightThemeManager
1438720911003	addons.manager	DEBUG	Calling shutdown blocker for GMPProvider
1438720911007	addons.manager	DEBUG	Calling shutdown blocker for PluginProvider
1438720911008	addons.manager	DEBUG	Calling shutdown blocker for &lt;unnamed-provider&gt;
1438720911814	DeferredSave.extensions.json	DEBUG	Write succeeded
1438720911814	addons.xpi-utils	DEBUG	XPI Database saved, setting schema version preference to 16
1438720911815	addons.xpi	DEBUG	Notifying XPI shutdown observers
1438720911822	addons.manager	DEBUG	Async provider shutdown done
JavaScript error: resource://gre/modules/BookmarkHTMLUtils.jsm, line 883: NS_ERROR_UNEXPECTED: Component returned failure code: 0x8000ffff (NS_ERROR_UNEXPECTED) [nsINavBookmarksService.removeFolderChildren]
JavaScript error: jar:file:///C:/Program%20Files%20(x86)/Mozilla%20Firefox/browser/omni.ja!/components/nsBrowserGlue.js, line 1984: NS_ERROR_UNEXPECTED: Component returned failure code: 0x8000ffff (NS_ERROR_UNEXPECTED) [nsIAnnotationService.getItemsWithAnnotation]

Build info: version: '2.45.0', revision: '5017cb8e7ca8e37638dc3091b2440b90a1d8686f', time: '2015-02-27 09:10:26'
System info: host: 'Htan', ip: '192.168.70.1', os.name: 'Windows 8.1', os.arch: 'amd64', os.version: '6.3', java.version: '1.8.0_45'
Driver info: driver.version: FirefoxDriver
	at org.openqa.selenium.firefox.internal.NewProfileExtensionConnection.start(NewProfileExtensionConnection.java:134)
	at org.openqa.selenium.firefox.FirefoxDriver.startClient(FirefoxDriver.java:246)
	at org.openqa.selenium.remote.RemoteWebDriver.&lt;init&gt;(RemoteWebDriver.java:114)
	at org.openqa.selenium.firefox.FirefoxDriver.&lt;init&gt;(FirefoxDriver.java:191)
	at org.openqa.selenium.firefox.FirefoxDriver.&lt;init&gt;(FirefoxDriver.java:186)
	at org.openqa.selenium.firefox.FirefoxDriver.&lt;init&gt;(FirefoxDriver.java:182)
	at org.openqa.selenium.firefox.FirefoxDriver.&lt;init&gt;(FirefoxDriver.java:95)
	at google.GoogleSearch.setup(GoogleSearch.java:21)
	at sun.reflect.NativeMethodAccessorImpl.invoke0(Native Method)
	at sun.reflect.NativeMethodAccessorImpl.invoke(Unknown Source)
	at sun.reflect.DelegatingMethodAccessorImpl.invoke(Unknown Source)
	at java.lang.reflect.Method.invoke(Unknown Source)
	at org.testng.internal.MethodInvocationHelper.invokeMethod(MethodInvocationHelper.java:80)
	at org.testng.internal.Invoker.invokeConfigurationMethod(Invoker.java:525)
	at org.testng.internal.Invoker.invokeConfigurations(Invoker.java:202)
	at org.testng.internal.Invoker.invokeConfigurations(Invoker.java:130)
	at org.testng.internal.TestMethodWorker.invokeBeforeClassMethods(TestMethodWorker.java:173)
	at org.testng.internal.TestMethodWorker.run(TestMethodWorker.java:105)
	at org.testng.TestRunner.runWorkers(TestRunner.java:1178)
	at org.testng.TestRunner.privateRun(TestRunner.java:757)
	at org.testng.TestRunner.run(TestRunner.java:608)
	at org.testng.SuiteRunner.runTest(SuiteRunner.java:334)
	at org.testng.SuiteRunner.access$000(SuiteRunner.java:36)
	at org.testng.SuiteRunner$SuiteWorker.run(SuiteRunner.java:368)
	at org.testng.internal.thread.ThreadUtil$CountDownLatchedRunnable.run(ThreadUtil.java:165)
	at java.util.concurrent.ThreadPoolExecutor.runWorker(Unknown Source)
	at java.util.concurrent.ThreadPoolExecutor$Worker.run(Unknown Source)
	at java.lang.Thread.run(Unknown Source)
Caused by: org.openqa.selenium.WebDriverException: java.lang.InterruptedException: Process timed out after waiting for 45000 ms.
Build info: version: '2.45.0', revision: '5017cb8e7ca8e37638dc3091b2440b90a1d8686f', time: '2015-02-27 09:10:26'
System info: host: 'Htan', ip: '192.168.70.1', os.name: 'Windows 8.1', os.arch: 'amd64', os.version: '6.3', java.version: '1.8.0_45'
Driver info: driver.version: FirefoxDriver
	at org.openqa.selenium.os.CommandLine.waitFor(CommandLine.java:131)
	at org.openqa.selenium.firefox.FirefoxBinary.waitFor(FirefoxBinary.java:222)
	at org.openqa.selenium.firefox.FirefoxBinary.clean(FirefoxBinary.java:242)
	at org.openqa.selenium.firefox.internal.NewProfileExtensionConnection.start(NewProfileExtensionConnection.java:91)
	... 27 more
Caused by: java.lang.InterruptedException: Process timed out after waiting for 45000 ms.
	at org.openqa.selenium.os.UnixProcess.waitFor(UnixProcess.java:148)
	at org.openqa.selenium.os.CommandLine.waitFor(CommandLine.java:129)
	... 30 more
</pre></div></td>
<td>0</td>
<td>google.GoogleSearch@3930015a</td></tr>
</table><p>
<table width='100%' border='1' class='invocation-skipped'>
<tr><td colspan='4' align='center'><b>SKIPPED CONFIGURATIONS</b></td></tr>
<tr><td><b>Test method</b></td>
<td width="30%"><b>Exception</b></td>
<td width="10%"><b>Time (seconds)</b></td>
<td><b>Instance</b></td>
</tr>
<tr>
<td title='google.GoogleSearch.closebrowser()'><b>closebrowser</b><br>Test class: google.GoogleSearch</td>
<td></td>
<td>0</td>
<td>google.GoogleSearch@3930015a</td></tr>
</table><p>
<table width='100%' border='1' class='invocation-skipped'>
<tr><td colspan='4' align='center'><b>SKIPPED TESTS</b></td></tr>
<tr><td><b>Test method</b></td>
<td width="30%"><b>Exception</b></td>
<td width="10%"><b>Time (seconds)</b></td>
<td><b>Instance</b></td>
</tr>
<tr>
<td title='google.GoogleSearch.getGoogleTitle()'><b>getGoogleTitle</b><br>Test class: google.GoogleSearch</td>
<td></td>
<td>0</td>
<td>google.GoogleSearch@3930015a</td></tr>
</table><p>
</body>
</html>