<?xml version="1.0" encoding="UTF-8"?>
<!-- Generated by org.testng.reporters.JUnitXMLReporter -->
<testsuite hostname="Htan" name="test1" tests="8" failures="5" timestamp="30 Mar 2015 21:25:31 GMT" time="80.855" errors="0">
  <testcase name="onFinish" time="0.031" classname="org.seleniumFeatures.TestListener"/>
  <testcase name="onStart" time="0.0" classname="org.seleniumFeatures.TestListener"/>
  <testcase name="onTestFailedButWithinSuccessPercentage" time="0.0" classname="org.seleniumFeatures.TestListener">
    <failure type="org.testng.TestNGException" message="
The data provider is trying to pass 0 parameters but the method org.seleniumFeatures.TestListener#onTestFailedButWithinSuccessPercentage takes 1 and TestNG is unable in inject a suitable object">
      <![CDATA[org.testng.TestNGException: 
The data provider is trying to pass 0 parameters but the method org.seleniumFeatures.TestListener#onTestFailedButWithinSuccessPercentage takes 1 and TestNG is unable in inject a suitable object
Caused by: java.lang.ArrayIndexOutOfBoundsException: 0
	... 17 more
... Removed 19 stack frames]]>
    </failure>
  </testcase> <!-- onTestFailedButWithinSuccessPercentage -->
  <testcase name="onTestFailure" time="0.0" classname="org.seleniumFeatures.TestListener">
    <failure type="org.testng.TestNGException" message="
The data provider is trying to pass 0 parameters but the method org.seleniumFeatures.TestListener#onTestFailure takes 1 and TestNG is unable in inject a suitable object">
      <![CDATA[org.testng.TestNGException: 
The data provider is trying to pass 0 parameters but the method org.seleniumFeatures.TestListener#onTestFailure takes 1 and TestNG is unable in inject a suitable object
Caused by: java.lang.ArrayIndexOutOfBoundsException: 0
	... 17 more
... Removed 19 stack frames]]>
    </failure>
  </testcase> <!-- onTestFailure -->
  <testcase name="onTestSkipped" time="0.0" classname="org.seleniumFeatures.TestListener">
    <failure type="org.testng.TestNGException" message="
The data provider is trying to pass 0 parameters but the method org.seleniumFeatures.TestListener#onTestSkipped takes 1 and TestNG is unable in inject a suitable object">
      <![CDATA[org.testng.TestNGException: 
The data provider is trying to pass 0 parameters but the method org.seleniumFeatures.TestListener#onTestSkipped takes 1 and TestNG is unable in inject a suitable object
Caused by: java.lang.ArrayIndexOutOfBoundsException: 0
	... 17 more
... Removed 19 stack frames]]>
    </failure>
  </testcase> <!-- onTestSkipped -->
  <testcase name="onTestStart" time="0.0" classname="org.seleniumFeatures.TestListener">
    <failure type="org.testng.TestNGException" message="
The data provider is trying to pass 0 parameters but the method org.seleniumFeatures.TestListener#onTestStart takes 1 and TestNG is unable in inject a suitable object">
      <![CDATA[org.testng.TestNGException: 
The data provider is trying to pass 0 parameters but the method org.seleniumFeatures.TestListener#onTestStart takes 1 and TestNG is unable in inject a suitable object
Caused by: java.lang.ArrayIndexOutOfBoundsException: 0
	... 17 more
... Removed 19 stack frames]]>
    </failure>
  </testcase> <!-- onTestStart -->
  <testcase name="onTestSuccess" time="0.003" classname="org.seleniumFeatures.TestListener">
    <failure type="org.testng.TestNGException" message="
The data provider is trying to pass 0 parameters but the method org.seleniumFeatures.TestListener#onTestSuccess takes 1 and TestNG is unable in inject a suitable object">
      <![CDATA[org.testng.TestNGException: 
The data provider is trying to pass 0 parameters but the method org.seleniumFeatures.TestListener#onTestSuccess takes 1 and TestNG is unable in inject a suitable object
Caused by: java.lang.ArrayIndexOutOfBoundsException: 0
	... 17 more
... Removed 19 stack frames]]>
    </failure>
  </testcase> <!-- onTestSuccess -->
  <testcase name="takeScreenShot" time="0.015" classname="org.seleniumFeatures.TestListener">
    <skipped/>
  </testcase> <!-- takeScreenShot -->
</testsuite> <!-- test1 -->
